{"/Users/katelynmceneaney/repos/todoList/todo.js": {"path":"/Users/katelynmceneaney/repos/todoList/todo.js","statementMap":{"0":{"start":{"line":7,"column":4},"end":{"line":7,"column":23}},"1":{"start":{"line":8,"column":4},"end":{"line":8,"column":22}},"2":{"start":{"line":12,"column":17},"end":{"line":12,"column":70}},"3":{"start":{"line":13,"column":4},"end":{"line":13,"column":39}},"4":{"start":{"line":17,"column":4},"end":{"line":17,"column":21}},"5":{"start":{"line":21,"column":4},"end":{"line":21,"column":22}},"6":{"start":{"line":25,"column":4},"end":{"line":25,"column":21}},"7":{"start":{"line":29,"column":4},"end":{"line":29,"column":22}},"8":{"start":{"line":33,"column":0},"end":{"line":33,"column":23}},"9":{"start":{"line":34,"column":0},"end":{"line":34,"column":25}},"10":{"start":{"line":36,"column":0},"end":{"line":36,"column":22}}},"fnMap":{"0":{"name":"(anonymous_0)","decl":{"start":{"line":6,"column":2},"end":{"line":6,"column":3}},"loc":{"start":{"line":6,"column":21},"end":{"line":9,"column":3}},"line":6},"1":{"name":"(anonymous_1)","decl":{"start":{"line":11,"column":2},"end":{"line":11,"column":3}},"loc":{"start":{"line":11,"column":13},"end":{"line":14,"column":3}},"line":11},"2":{"name":"(anonymous_2)","decl":{"start":{"line":16,"column":2},"end":{"line":16,"column":3}},"loc":{"start":{"line":16,"column":13},"end":{"line":18,"column":3}},"line":16},"3":{"name":"(anonymous_3)","decl":{"start":{"line":20,"column":2},"end":{"line":20,"column":3}},"loc":{"start":{"line":20,"column":15},"end":{"line":22,"column":3}},"line":20},"4":{"name":"(anonymous_4)","decl":{"start":{"line":24,"column":2},"end":{"line":24,"column":3}},"loc":{"start":{"line":24,"column":11},"end":{"line":26,"column":3}},"line":24},"5":{"name":"(anonymous_5)","decl":{"start":{"line":28,"column":2},"end":{"line":28,"column":3}},"loc":{"start":{"line":28,"column":13},"end":{"line":30,"column":3}},"line":28}},"branchMap":{"0":{"loc":{"start":{"line":12,"column":17},"end":{"line":12,"column":70}},"type":"cond-expr","locations":[{"start":{"line":12,"column":33},"end":{"line":12,"column":49}},{"start":{"line":12,"column":52},"end":{"line":12,"column":70}}],"line":12}},"s":{"0":54,"1":54,"2":11,"3":11,"4":12,"5":1,"6":27,"7":0,"8":1,"9":1,"10":1},"f":{"0":54,"1":11,"2":12,"3":1,"4":27,"5":0},"b":{"0":[6,5]},"_coverageSchema":"1a1c01bbd47fc00a2c39e90264f33305004495a9","hash":"9f5453cf3000a70160ddfc7753b73b32181b9ecd"}
,"/Users/katelynmceneaney/repos/todoList/todoList.js": {"path":"/Users/katelynmceneaney/repos/todoList/todoList.js","statementMap":{"0":{"start":{"line":4,"column":13},"end":{"line":4,"column":33}},"1":{"start":{"line":8,"column":4},"end":{"line":8,"column":23}},"2":{"start":{"line":9,"column":4},"end":{"line":9,"column":20}},"3":{"start":{"line":13,"column":4},"end":{"line":15,"column":5}},"4":{"start":{"line":14,"column":6},"end":{"line":14,"column":55}},"5":{"start":{"line":16,"column":4},"end":{"line":16,"column":26}},"6":{"start":{"line":20,"column":4},"end":{"line":20,"column":29}},"7":{"start":{"line":24,"column":4},"end":{"line":24,"column":25}},"8":{"start":{"line":28,"column":4},"end":{"line":28,"column":47}},"9":{"start":{"line":32,"column":4},"end":{"line":34,"column":5}},"10":{"start":{"line":33,"column":6},"end":{"line":33,"column":61}},"11":{"start":{"line":35,"column":4},"end":{"line":35,"column":32}},"12":{"start":{"line":39,"column":4},"end":{"line":39,"column":37}},"13":{"start":{"line":43,"column":4},"end":{"line":43,"column":39}},"14":{"start":{"line":47,"column":4},"end":{"line":47,"column":57}},"15":{"start":{"line":47,"column":39},"end":{"line":47,"column":55}},"16":{"start":{"line":51,"column":4},"end":{"line":51,"column":30}},"17":{"start":{"line":55,"column":4},"end":{"line":55,"column":28}},"18":{"start":{"line":59,"column":4},"end":{"line":59,"column":26}},"19":{"start":{"line":60,"column":18},"end":{"line":60,"column":48}},"20":{"start":{"line":61,"column":4},"end":{"line":61,"column":19}},"21":{"start":{"line":65,"column":16},"end":{"line":65,"column":39}},"22":{"start":{"line":66,"column":16},"end":{"line":66,"column":66}},"23":{"start":{"line":66,"column":39},"end":{"line":66,"column":54}},"24":{"start":{"line":67,"column":4},"end":{"line":67,"column":32}},"25":{"start":{"line":71,"column":4},"end":{"line":71,"column":33}},"26":{"start":{"line":75,"column":18},"end":{"line":75,"column":42}},"27":{"start":{"line":76,"column":4},"end":{"line":80,"column":7}},"28":{"start":{"line":77,"column":6},"end":{"line":79,"column":7}},"29":{"start":{"line":78,"column":8},"end":{"line":78,"column":26}},"30":{"start":{"line":82,"column":4},"end":{"line":82,"column":19}},"31":{"start":{"line":87,"column":3},"end":{"line":87,"column":66}},"32":{"start":{"line":87,"column":30},"end":{"line":87,"column":56}},"33":{"start":{"line":92,"column":4},"end":{"line":92,"column":46}},"34":{"start":{"line":92,"column":31},"end":{"line":92,"column":44}},"35":{"start":{"line":96,"column":4},"end":{"line":96,"column":49}},"36":{"start":{"line":96,"column":31},"end":{"line":96,"column":47}},"37":{"start":{"line":102,"column":14},"end":{"line":102,"column":37}},"38":{"start":{"line":103,"column":4},"end":{"line":105,"column":5}},"39":{"start":{"line":104,"column":6},"end":{"line":104,"column":21}},"40":{"start":{"line":110,"column":4},"end":{"line":110,"column":42}},"41":{"start":{"line":110,"column":25},"end":{"line":110,"column":40}},"42":{"start":{"line":114,"column":4},"end":{"line":114,"column":44}},"43":{"start":{"line":114,"column":25},"end":{"line":114,"column":42}},"44":{"start":{"line":119,"column":4},"end":{"line":119,"column":30}},"45":{"start":{"line":125,"column":0},"end":{"line":125,"column":26}}},"fnMap":{"0":{"name":"(anonymous_0)","decl":{"start":{"line":7,"column":2},"end":{"line":7,"column":3}},"loc":{"start":{"line":7,"column":21},"end":{"line":10,"column":3}},"line":7},"1":{"name":"(anonymous_1)","decl":{"start":{"line":12,"column":2},"end":{"line":12,"column":3}},"loc":{"start":{"line":12,"column":12},"end":{"line":17,"column":3}},"line":12},"2":{"name":"(anonymous_2)","decl":{"start":{"line":19,"column":2},"end":{"line":19,"column":3}},"loc":{"start":{"line":19,"column":9},"end":{"line":21,"column":3}},"line":19},"3":{"name":"(anonymous_3)","decl":{"start":{"line":23,"column":2},"end":{"line":23,"column":3}},"loc":{"start":{"line":23,"column":10},"end":{"line":25,"column":3}},"line":23},"4":{"name":"(anonymous_4)","decl":{"start":{"line":27,"column":2},"end":{"line":27,"column":3}},"loc":{"start":{"line":27,"column":9},"end":{"line":29,"column":3}},"line":27},"5":{"name":"(anonymous_5)","decl":{"start":{"line":31,"column":2},"end":{"line":31,"column":3}},"loc":{"start":{"line":31,"column":19},"end":{"line":36,"column":3}},"line":31},"6":{"name":"(anonymous_6)","decl":{"start":{"line":38,"column":2},"end":{"line":38,"column":3}},"loc":{"start":{"line":38,"column":23},"end":{"line":40,"column":3}},"line":38},"7":{"name":"(anonymous_7)","decl":{"start":{"line":42,"column":2},"end":{"line":42,"column":3}},"loc":{"start":{"line":42,"column":25},"end":{"line":44,"column":3}},"line":42},"8":{"name":"(anonymous_8)","decl":{"start":{"line":46,"column":2},"end":{"line":46,"column":3}},"loc":{"start":{"line":46,"column":11},"end":{"line":48,"column":3}},"line":46},"9":{"name":"(anonymous_9)","decl":{"start":{"line":47,"column":28},"end":{"line":47,"column":29}},"loc":{"start":{"line":47,"column":39},"end":{"line":47,"column":55}},"line":47},"10":{"name":"(anonymous_10)","decl":{"start":{"line":50,"column":2},"end":{"line":50,"column":3}},"loc":{"start":{"line":50,"column":10},"end":{"line":52,"column":3}},"line":50},"11":{"name":"(anonymous_11)","decl":{"start":{"line":54,"column":2},"end":{"line":54,"column":3}},"loc":{"start":{"line":54,"column":8},"end":{"line":56,"column":3}},"line":54},"12":{"name":"(anonymous_12)","decl":{"start":{"line":58,"column":2},"end":{"line":58,"column":3}},"loc":{"start":{"line":58,"column":21},"end":{"line":62,"column":3}},"line":58},"13":{"name":"(anonymous_13)","decl":{"start":{"line":64,"column":2},"end":{"line":64,"column":3}},"loc":{"start":{"line":64,"column":13},"end":{"line":68,"column":3}},"line":64},"14":{"name":"(anonymous_14)","decl":{"start":{"line":66,"column":31},"end":{"line":66,"column":32}},"loc":{"start":{"line":66,"column":39},"end":{"line":66,"column":54}},"line":66},"15":{"name":"(anonymous_15)","decl":{"start":{"line":70,"column":2},"end":{"line":70,"column":3}},"loc":{"start":{"line":70,"column":19},"end":{"line":72,"column":3}},"line":70},"16":{"name":"(anonymous_16)","decl":{"start":{"line":74,"column":2},"end":{"line":74,"column":3}},"loc":{"start":{"line":74,"column":19},"end":{"line":83,"column":3}},"line":74},"17":{"name":"(anonymous_17)","decl":{"start":{"line":76,"column":17},"end":{"line":76,"column":18}},"loc":{"start":{"line":76,"column":25},"end":{"line":80,"column":5}},"line":76},"18":{"name":"(anonymous_18)","decl":{"start":{"line":86,"column":2},"end":{"line":86,"column":3}},"loc":{"start":{"line":86,"column":22},"end":{"line":88,"column":3}},"line":86},"19":{"name":"(anonymous_19)","decl":{"start":{"line":87,"column":22},"end":{"line":87,"column":23}},"loc":{"start":{"line":87,"column":30},"end":{"line":87,"column":56}},"line":87},"20":{"name":"(anonymous_20)","decl":{"start":{"line":91,"column":2},"end":{"line":91,"column":3}},"loc":{"start":{"line":91,"column":12},"end":{"line":93,"column":3}},"line":91},"21":{"name":"(anonymous_21)","decl":{"start":{"line":92,"column":23},"end":{"line":92,"column":24}},"loc":{"start":{"line":92,"column":31},"end":{"line":92,"column":44}},"line":92},"22":{"name":"(anonymous_22)","decl":{"start":{"line":95,"column":2},"end":{"line":95,"column":3}},"loc":{"start":{"line":95,"column":15},"end":{"line":97,"column":3}},"line":95},"23":{"name":"(anonymous_23)","decl":{"start":{"line":96,"column":23},"end":{"line":96,"column":24}},"loc":{"start":{"line":96,"column":31},"end":{"line":96,"column":47}},"line":96},"24":{"name":"(anonymous_24)","decl":{"start":{"line":101,"column":2},"end":{"line":101,"column":3}},"loc":{"start":{"line":101,"column":18},"end":{"line":106,"column":3}},"line":101},"25":{"name":"(anonymous_25)","decl":{"start":{"line":109,"column":3},"end":{"line":109,"column":4}},"loc":{"start":{"line":109,"column":17},"end":{"line":111,"column":4}},"line":109},"26":{"name":"(anonymous_26)","decl":{"start":{"line":110,"column":17},"end":{"line":110,"column":18}},"loc":{"start":{"line":110,"column":25},"end":{"line":110,"column":40}},"line":110},"27":{"name":"(anonymous_27)","decl":{"start":{"line":113,"column":2},"end":{"line":113,"column":3}},"loc":{"start":{"line":113,"column":18},"end":{"line":115,"column":3}},"line":113},"28":{"name":"(anonymous_28)","decl":{"start":{"line":114,"column":17},"end":{"line":114,"column":18}},"loc":{"start":{"line":114,"column":25},"end":{"line":114,"column":42}},"line":114},"29":{"name":"(anonymous_29)","decl":{"start":{"line":118,"column":2},"end":{"line":118,"column":3}},"loc":{"start":{"line":118,"column":12},"end":{"line":120,"column":3}},"line":118}},"branchMap":{"0":{"loc":{"start":{"line":13,"column":4},"end":{"line":15,"column":5}},"type":"if","locations":[{"start":{"line":13,"column":4},"end":{"line":15,"column":5}},{"start":{},"end":{}}],"line":13},"1":{"loc":{"start":{"line":32,"column":4},"end":{"line":34,"column":5}},"type":"if","locations":[{"start":{"line":32,"column":4},"end":{"line":34,"column":5}},{"start":{},"end":{}}],"line":32},"2":{"loc":{"start":{"line":77,"column":6},"end":{"line":79,"column":7}},"type":"if","locations":[{"start":{"line":77,"column":6},"end":{"line":79,"column":7}},{"start":{},"end":{}}],"line":77},"3":{"loc":{"start":{"line":103,"column":4},"end":{"line":105,"column":5}},"type":"if","locations":[{"start":{"line":103,"column":4},"end":{"line":105,"column":5}},{"start":{},"end":{}}],"line":103}},"s":{"0":1,"1":20,"2":20,"3":58,"4":2,"5":56,"6":1,"7":1,"8":1,"9":8,"10":3,"11":5,"12":3,"13":1,"14":2,"15":4,"16":1,"17":1,"18":2,"19":1,"20":1,"21":5,"22":5,"23":11,"24":5,"25":4,"26":1,"27":1,"28":3,"29":1,"30":1,"31":0,"32":0,"33":0,"34":0,"35":0,"36":0,"37":0,"38":0,"39":0,"40":2,"41":6,"42":0,"43":0,"44":4,"45":1},"f":{"0":20,"1":58,"2":1,"3":1,"4":1,"5":8,"6":3,"7":1,"8":2,"9":4,"10":1,"11":1,"12":2,"13":5,"14":11,"15":4,"16":1,"17":3,"18":0,"19":0,"20":0,"21":0,"22":0,"23":0,"24":0,"25":2,"26":6,"27":0,"28":0,"29":4},"b":{"0":[2,56],"1":[3,5],"2":[1,2],"3":[0,0]},"_coverageSchema":"1a1c01bbd47fc00a2c39e90264f33305004495a9","hash":"201207ab01c97bb65539ecdd52e3b76ad15d7ae5"}
}
