TN:
SF:todo.js
FN:6,(anonymous_0)
FN:11,(anonymous_1)
FN:16,(anonymous_2)
FN:20,(anonymous_3)
FN:24,(anonymous_4)
FN:28,(anonymous_5)
FNF:6
FNH:5
FNDA:54,(anonymous_0)
FNDA:11,(anonymous_1)
FNDA:12,(anonymous_2)
FNDA:1,(anonymous_3)
FNDA:27,(anonymous_4)
FNDA:0,(anonymous_5)
DA:7,54
DA:8,54
DA:12,11
DA:13,11
DA:17,12
DA:21,1
DA:25,27
DA:29,0
DA:33,1
DA:34,1
DA:36,1
LF:11
LH:10
BRDA:12,0,0,6
BRDA:12,0,1,5
BRF:2
BRH:2
end_of_record
TN:
SF:todoList.js
FN:7,(anonymous_0)
FN:12,(anonymous_1)
FN:19,(anonymous_2)
FN:23,(anonymous_3)
FN:27,(anonymous_4)
FN:31,(anonymous_5)
FN:38,(anonymous_6)
FN:42,(anonymous_7)
FN:46,(anonymous_8)
FN:47,(anonymous_9)
FN:50,(anonymous_10)
FN:54,(anonymous_11)
FN:58,(anonymous_12)
FN:64,(anonymous_13)
FN:66,(anonymous_14)
FN:70,(anonymous_15)
FN:74,(anonymous_16)
FN:76,(anonymous_17)
FN:86,(anonymous_18)
FN:87,(anonymous_19)
FN:91,(anonymous_20)
FN:92,(anonymous_21)
FN:95,(anonymous_22)
FN:96,(anonymous_23)
FN:101,(anonymous_24)
FN:109,(anonymous_25)
FN:110,(anonymous_26)
FN:113,(anonymous_27)
FN:114,(anonymous_28)
FN:118,(anonymous_29)
FNF:30
FNH:21
FNDA:20,(anonymous_0)
FNDA:58,(anonymous_1)
FNDA:1,(anonymous_2)
FNDA:1,(anonymous_3)
FNDA:1,(anonymous_4)
FNDA:8,(anonymous_5)
FNDA:3,(anonymous_6)
FNDA:1,(anonymous_7)
FNDA:2,(anonymous_8)
FNDA:4,(anonymous_9)
FNDA:1,(anonymous_10)
FNDA:1,(anonymous_11)
FNDA:2,(anonymous_12)
FNDA:5,(anonymous_13)
FNDA:11,(anonymous_14)
FNDA:4,(anonymous_15)
FNDA:1,(anonymous_16)
FNDA:3,(anonymous_17)
FNDA:0,(anonymous_18)
FNDA:0,(anonymous_19)
FNDA:0,(anonymous_20)
FNDA:0,(anonymous_21)
FNDA:0,(anonymous_22)
FNDA:0,(anonymous_23)
FNDA:0,(anonymous_24)
FNDA:2,(anonymous_25)
FNDA:6,(anonymous_26)
FNDA:0,(anonymous_27)
FNDA:0,(anonymous_28)
FNDA:4,(anonymous_29)
DA:4,1
DA:8,20
DA:9,20
DA:13,58
DA:14,2
DA:16,56
DA:20,1
DA:24,1
DA:28,1
DA:32,8
DA:33,3
DA:35,5
DA:39,3
DA:43,1
DA:47,4
DA:51,1
DA:55,1
DA:59,2
DA:60,1
DA:61,1
DA:65,5
DA:66,11
DA:67,5
DA:71,4
DA:75,1
DA:76,1
DA:77,3
DA:78,1
DA:82,1
DA:87,0
DA:92,0
DA:96,0
DA:102,0
DA:103,0
DA:104,0
DA:110,6
DA:114,0
DA:119,4
DA:125,1
LF:39
LH:32
BRDA:13,0,0,2
BRDA:13,0,1,56
BRDA:32,1,0,3
BRDA:32,1,1,5
BRDA:77,2,0,1
BRDA:77,2,1,2
BRDA:103,3,0,0
BRDA:103,3,1,0
BRF:8
BRH:6
end_of_record
